<?xml version="1.0" encoding="UTF-8"?>
<!-- Generated by org.testng.reporters.JUnitXMLReporter -->
<testsuite ignored="0" hostname="DESKTOP-V8KCKRC" failures="0" tests="6" name="Test1" time="46.456" errors="0" timestamp="2024-05-20T11:12:07 IST">
  <testcase classname="TestNGFashion.Amazon" name="Flipkart" time="12.377"/>
  <testcase classname="TestNGTravel.AbhiBus" name="MakeMyTrip" time="12.835"/>
  <testcase classname="TestNGTravel.TravelYaari" name="MakeMyTrip" time="15.582"/>
  <testcase classname="TestNGFashion.FlipKart" name="Flipkart" time="22.704"/>
  <testcase classname="TestNGTravel.RedBus" name="MakeMyTrip" time="27.003"/>
  <testcase classname="TestNGFashion.Myntra" name="Flipkart" time="30.754"/>
</testsuite> <!-- Test1 -->
