<?xml version="1.0" encoding="UTF-8"?>
<!-- Generated by org.testng.reporters.JUnitXMLReporter -->
<testsuite ignored="0" hostname="DESKTOP-V8KCKRC" failures="0" tests="6" name="Test2" time="66.503" errors="0" timestamp="2024-05-20T11:13:14 IST">
  <testcase classname="TestNGTravel.AbhiBus" name="MakeMyTrip" time="17.503"/>
  <testcase classname="TestNGFashion.Amazon" name="Flipkart" time="18.085"/>
  <testcase classname="TestNGTravel.TravelYaari" name="MakeMyTrip" time="22.361"/>
  <testcase classname="TestNGTravel.RedBus" name="MakeMyTrip" time="27.79"/>
  <testcase classname="TestNGFashion.FlipKart" name="Flipkart" time="37.379"/>
  <testcase classname="TestNGFashion.Myntra" name="Flipkart" time="44.1"/>
</testsuite> <!-- Test2 -->
